# JRE version: OpenJDK Runtime Environment (8.0_152-b01) (build 1.8.0_152-release-915-b01)
# Java VM: OpenJDK 64-Bit Server VM (25.152-b01 mixed mode windows-amd64 compressed oops)
Heap:
 PSYoungGen      total 17920K, used 10986K [0x00000000e0000000, 0x00000000e2300000, 0x0000000100000000)
  eden space 15360K, 71% used [0x00000000e0000000,0x00000000e0aba8c8,0x00000000e0f00000)
  from space 2560K, 0% used [0x00000000e0f00000,0x00000000e0f00000,0x00000000e1180000)
  to   space 2560K, 0% used [0x00000000e2080000,0x00000000e2080000,0x00000000e2300000)
 ParOldGen       total 35840K, used 7580K [0x00000000a0000000, 0x00000000a2300000, 0x00000000e0000000)
  object space 35840K, 21% used [0x00000000a0000000,0x00000000a0767050,0x00000000a2300000)
 Metaspace       used 23097K, capacity 23452K, committed 23936K, reserved 1071104K
  class space    used 2975K, capacity 3082K, committed 3200K, reserved 1048576K
GC Heap History (10 events):
Event: 1.776 GC heap before
{Heap before GC invocations=3 (full 1):
 PSYoungGen      total 17920K, used 15360K [0x00000000e0000000, 0x00000000e1400000, 0x0000000100000000)
  eden space 15360K, 100% used [0x00000000e0000000,0x00000000e0f00000,0x00000000e0f00000)
  from space 2560K, 0% used [0x00000000e0f00000,0x00000000e0f00000,0x00000000e1180000)
  to   space 2560K, 0% used [0x00000000e1180000,0x00000000e1180000,0x00000000e1400000)
 ParOldGen       total 40960K, used 2627K [0x00000000a0000000, 0x00000000a2800000, 0x00000000e0000000)
  object space 40960K, 6% used [0x00000000a0000000,0x00000000a0290d90,0x00000000a2800000)
 Metaspace       used 11828K, capacity 12048K, committed 12160K, reserved 1060864K
  class space    used 1331K, capacity 1400K, committed 1408K, reserved 1048576K
Event: 1.785 GC heap after
Heap after GC invocations=3 (full 1):
 PSYoungGen      total 17920K, used 2539K [0x00000000e0000000, 0x00000000e1400000, 0x0000000100000000)
  eden space 15360K, 0% used [0x00000000e0000000,0x00000000e0000000,0x00000000e0f00000)
  from space 2560K, 99% used [0x00000000e1180000,0x00000000e13fad48,0x00000000e1400000)
  to   space 2560K, 0% used [0x00000000e0f00000,0x00000000e0f00000,0x00000000e1180000)
 ParOldGen       total 40960K, used 3837K [0x00000000a0000000, 0x00000000a2800000, 0x00000000e0000000)
  object space 40960K, 9% used [0x00000000a0000000,0x00000000a03bf7b0,0x00000000a2800000)
 Metaspace       used 11828K, capacity 12048K, committed 12160K, reserved 1060864K
  class space    used 1331K, capacity 1400K, committed 1408K, reserved 1048576K
}
Event: 2.512 GC heap before
{Heap before GC invocations=4 (full 1):
 PSYoungGen      total 17920K, used 17899K [0x00000000e0000000, 0x00000000e1400000, 0x0000000100000000)
  eden space 15360K, 100% used [0x00000000e0000000,0x00000000e0f00000,0x00000000e0f00000)
  from space 2560K, 99% used [0x00000000e1180000,0x00000000e13fad48,0x00000000e1400000)
  to   space 2560K, 0% used [0x00000000e0f00000,0x00000000e0f00000,0x00000000e1180000)
 ParOldGen       total 40960K, used 3837K [0x00000000a0000000, 0x00000000a2800000, 0x00000000e0000000)
  object space 40960K, 9% used [0x00000000a0000000,0x00000000a03bf7b0,0x00000000a2800000)
 Metaspace       used 14072K, capacity 14330K, committed 14592K, reserved 1062912K
  class space    used 1642K, capacity 1727K, committed 1792K, reserved 1048576K
Event: 2.520 GC heap after
Heap after GC invocations=4 (full 1):
 PSYoungGen      total 17920K, used 2545K [0x00000000e0000000, 0x00000000e1400000, 0x0000000100000000)
  eden space 15360K, 0% used [0x00000000e0000000,0x00000000e0000000,0x00000000e0f00000)
  from space 2560K, 99% used [0x00000000e0f00000,0x00000000e117c578,0x00000000e1180000)
  to   space 2560K, 0% used [0x00000000e1180000,0x00000000e1180000,0x00000000e1400000)
 ParOldGen       total 40960K, used 6240K [0x00000000a0000000, 0x00000000a2800000, 0x00000000e0000000)
  object space 40960K, 15% used [0x00000000a0000000,0x00000000a06183a8,0x00000000a2800000)
 Metaspace       used 14072K, capacity 14330K, committed 14592K, reserved 1062912K
  class space    used 1642K, capacity 1727K, committed 1792K, reserved 1048576K
}
Event: 3.668 GC heap before
{Heap before GC invocations=5 (full 1):
 PSYoungGen      total 17920K, used 17905K [0x00000000e0000000, 0x00000000e1400000, 0x0000000100000000)
  eden space 15360K, 100% used [0x00000000e0000000,0x00000000e0f00000,0x00000000e0f00000)
  from space 2560K, 99% used [0x00000000e0f00000,0x00000000e117c578,0x00000000e1180000)
  to   space 2560K, 0% used [0x00000000e1180000,0x00000000e1180000,0x00000000e1400000)
 ParOldGen       total 40960K, used 6240K [0x00000000a0000000, 0x00000000a2800000, 0x00000000e0000000)
  object space 40960K, 15% used [0x00000000a0000000,0x00000000a06183a8,0x00000000a2800000)
 Metaspace       used 18120K, capacity 18462K, committed 18688K, reserved 1064960K
  class space    used 2152K, capacity 2249K, committed 2304K, reserved 1048576K
Event: 3.679 GC heap after
Heap after GC invocations=5 (full 1):
 PSYoungGen      total 17920K, used 2545K [0x00000000e0000000, 0x00000000e1400000, 0x0000000100000000)
  eden space 15360K, 0% used [0x00000000e0000000,0x00000000e0000000,0x00000000e0f00000)
  from space 2560K, 99% used [0x00000000e1180000,0x00000000e13fc578,0x00000000e1400000)
  to   space 2560K, 0% used [0x00000000e0f00000,0x00000000e0f00000,0x00000000e1180000)
 ParOldGen       total 40960K, used 9868K [0x00000000a0000000, 0x00000000a2800000, 0x00000000e0000000)
  object space 40960K, 24% used [0x00000000a0000000,0x00000000a09a3080,0x00000000a2800000)
 Metaspace       used 18120K, capacity 18462K, committed 18688K, reserved 1064960K
  class space    used 2152K, capacity 2249K, committed 2304K, reserved 1048576K
}
Event: 4.202 GC heap before
{Heap before GC invocations=6 (full 1):
 PSYoungGen      total 17920K, used 16472K [0x00000000e0000000, 0x00000000e1400000, 0x0000000100000000)
  eden space 15360K, 90% used [0x00000000e0000000,0x00000000e0d99b48,0x00000000e0f00000)
  from space 2560K, 99% used [0x00000000e1180000,0x00000000e13fc578,0x00000000e1400000)
  to   space 2560K, 0% used [0x00000000e0f00000,0x00000000e0f00000,0x00000000e1180000)
 ParOldGen       total 40960K, used 9868K [0x00000000a0000000, 0x00000000a2800000, 0x00000000e0000000)
  object space 40960K, 24% used [0x00000000a0000000,0x00000000a09a3080,0x00000000a2800000)
 Metaspace       used 20736K, capacity 21066K, committed 21296K, reserved 1069056K
  class space    used 2547K, capacity 2651K, committed 2688K, reserved 1048576K
Event: 4.211 GC heap after
Heap after GC invocations=6 (full 1):
 PSYoungGen      total 17920K, used 2545K [0x00000000e0000000, 0x00000000e2300000, 0x0000000100000000)
  eden space 15360K, 0% used [0x00000000e0000000,0x00000000e0000000,0x00000000e0f00000)
  from space 2560K, 99% used [0x00000000e0f00000,0x00000000e117c4c0,0x00000000e1180000)
  to   space 2560K, 0% used [0x00000000e2080000,0x00000000e2080000,0x00000000e2300000)
 ParOldGen       total 40960K, used 12714K [0x00000000a0000000, 0x00000000a2800000, 0x00000000e0000000)
  object space 40960K, 31% used [0x00000000a0000000,0x00000000a0c6aaa8,0x00000000a2800000)
 Metaspace       used 20736K, capacity 21066K, committed 21296K, reserved 1069056K
  class space    used 2547K, capacity 2651K, committed 2688K, reserved 1048576K
}
Event: 4.211 GC heap before
{Heap before GC invocations=7 (full 2):
 PSYoungGen      total 17920K, used 2545K [0x00000000e0000000, 0x00000000e2300000, 0x0000000100000000)
  eden space 15360K, 0% used [0x00000000e0000000,0x00000000e0000000,0x00000000e0f00000)
  from space 2560K, 99% used [0x00000000e0f00000,0x00000000e117c4c0,0x00000000e1180000)
  to   space 2560K, 0% used [0x00000000e2080000,0x00000000e2080000,0x00000000e2300000)
 ParOldGen       total 40960K, used 12714K [0x00000000a0000000, 0x00000000a2800000, 0x00000000e0000000)
  object space 40960K, 31% used [0x00000000a0000000,0x00000000a0c6aaa8,0x00000000a2800000)
 Metaspace       used 20736K, capacity 21066K, committed 21296K, reserved 1069056K
  class space    used 2547K, capacity 2651K, committed 2688K, reserved 1048576K
Event: 4.252 GC heap after
Heap after GC invocations=7 (full 2):
 PSYoungGen      total 17920K, used 0K [0x00000000e0000000, 0x00000000e2300000, 0x0000000100000000)
  eden space 15360K, 0% used [0x00000000e0000000,0x00000000e0000000,0x00000000e0f00000)
  from space 2560K, 0% used [0x00000000e0f00000,0x00000000e0f00000,0x00000000e1180000)
  to   space 2560K, 0% used [0x00000000e2080000,0x00000000e2080000,0x00000000e2300000)
 ParOldGen       total 35840K, used 7580K [0x00000000a0000000, 0x00000000a2300000, 0x00000000e0000000)
  object space 35840K, 21% used [0x00000000a0000000,0x00000000a0767050,0x00000000a2300000)
 Metaspace       used 20736K, capacity 21066K, committed 21296K, reserved 1069056K
  class space    used 2547K, capacity 2651K, committed 2688K, reserved 1048576K
}

