# JRE version: OpenJDK Runtime Environment (8.0_152-b01) (build 1.8.0_152-release-915-b01)
# Java VM: OpenJDK 64-Bit Server VM (25.152-b01 mixed mode windows-amd64 compressed oops)
Heap:
 PSYoungGen      total 171008K, used 87639K [0x00000000e0000000, 0x00000000ee280000, 0x0000000100000000)
  eden space 122880K, 47% used [0x00000000e0000000,0x00000000e3924370,0x00000000e7800000)
  from space 48128K, 60% used [0x00000000e7800000,0x00000000e9471bc8,0x00000000ea700000)
  to   space 48640K, 0% used [0x00000000eb300000,0x00000000eb300000,0x00000000ee280000)
 ParOldGen       total 96768K, used 10370K [0x00000000a0000000, 0x00000000a5e80000, 0x00000000e0000000)
  object space 96768K, 10% used [0x00000000a0000000,0x00000000a0a20a18,0x00000000a5e80000)
 Metaspace       used 56651K, capacity 57586K, committed 59008K, reserved 1101824K
  class space    used 6754K, capacity 7003K, committed 7296K, reserved 1048576K
GC Heap History (10 events):
Event: 1930.635 GC heap before
{Heap before GC invocations=27 (full 3):
 PSYoungGen      total 151552K, used 119959K [0x00000000e0000000, 0x00000000ecd00000, 0x0000000100000000)
  eden space 109056K, 100% used [0x00000000e0000000,0x00000000e6a80000,0x00000000e6a80000)
  from space 42496K, 25% used [0x00000000e6a80000,0x00000000e7525dc8,0x00000000e9400000)
  to   space 41984K, 0% used [0x00000000ea400000,0x00000000ea400000,0x00000000ecd00000)
 ParOldGen       total 96768K, used 77918K [0x00000000a0000000, 0x00000000a5e80000, 0x00000000e0000000)
  object space 96768K, 80% used [0x00000000a0000000,0x00000000a4c17920,0x00000000a5e80000)
 Metaspace       used 57528K, capacity 58610K, committed 59008K, reserved 1101824K
  class space    used 6964K, capacity 7293K, committed 7296K, reserved 1048576K
Event: 1930.708 GC heap after
Heap after GC invocations=27 (full 3):
 PSYoungGen      total 165376K, used 32013K [0x00000000e0000000, 0x00000000ed180000, 0x0000000100000000)
  eden space 123392K, 0% used [0x00000000e0000000,0x00000000e0000000,0x00000000e7880000)
  from space 41984K, 76% used [0x00000000ea400000,0x00000000ec343468,0x00000000ecd00000)
  to   space 44544K, 0% used [0x00000000e7880000,0x00000000e7880000,0x00000000ea400000)
 ParOldGen       total 96768K, used 77926K [0x00000000a0000000, 0x00000000a5e80000, 0x00000000e0000000)
  object space 96768K, 80% used [0x00000000a0000000,0x00000000a4c19920,0x00000000a5e80000)
 Metaspace       used 57528K, capacity 58610K, committed 59008K, reserved 1101824K
  class space    used 6964K, capacity 7293K, committed 7296K, reserved 1048576K
}
Event: 6065.678 GC heap before
{Heap before GC invocations=28 (full 3):
 PSYoungGen      total 165376K, used 51473K [0x00000000e0000000, 0x00000000ed180000, 0x0000000100000000)
  eden space 123392K, 15% used [0x00000000e0000000,0x00000000e1301228,0x00000000e7880000)
  from space 41984K, 76% used [0x00000000ea400000,0x00000000ec343468,0x00000000ecd00000)
  to   space 44544K, 0% used [0x00000000e7880000,0x00000000e7880000,0x00000000ea400000)
 ParOldGen       total 96768K, used 77926K [0x00000000a0000000, 0x00000000a5e80000, 0x00000000e0000000)
  object space 96768K, 80% used [0x00000000a0000000,0x00000000a4c19920,0x00000000a5e80000)
 Metaspace       used 57640K, capacity 58744K, committed 59008K, reserved 1101824K
  class space    used 6966K, capacity 7294K, committed 7296K, reserved 1048576K
Event: 6067.705 GC heap after
Heap after GC invocations=28 (full 3):
 PSYoungGen      total 167936K, used 512K [0x00000000e0000000, 0x00000000ed380000, 0x0000000100000000)
  eden space 123392K, 0% used [0x00000000e0000000,0x00000000e0000000,0x00000000e7880000)
  from space 44544K, 1% used [0x00000000e7880000,0x00000000e7900030,0x00000000ea400000)
  to   space 45568K, 0% used [0x00000000ea700000,0x00000000ea700000,0x00000000ed380000)
 ParOldGen       total 96768K, used 77934K [0x00000000a0000000, 0x00000000a5e80000, 0x00000000e0000000)
  object space 96768K, 80% used [0x00000000a0000000,0x00000000a4c1b920,0x00000000a5e80000)
 Metaspace       used 57640K, capacity 58744K, committed 59008K, reserved 1101824K
  class space    used 6966K, capacity 7294K, committed 7296K, reserved 1048576K
}
Event: 6067.706 GC heap before
{Heap before GC invocations=29 (full 4):
 PSYoungGen      total 167936K, used 512K [0x00000000e0000000, 0x00000000ed380000, 0x0000000100000000)
  eden space 123392K, 0% used [0x00000000e0000000,0x00000000e0000000,0x00000000e7880000)
  from space 44544K, 1% used [0x00000000e7880000,0x00000000e7900030,0x00000000ea400000)
  to   space 45568K, 0% used [0x00000000ea700000,0x00000000ea700000,0x00000000ed380000)
 ParOldGen       total 96768K, used 77934K [0x00000000a0000000, 0x00000000a5e80000, 0x00000000e0000000)
  object space 96768K, 80% used [0x00000000a0000000,0x00000000a4c1b920,0x00000000a5e80000)
 Metaspace       used 57640K, capacity 58744K, committed 59008K, reserved 1101824K
  class space    used 6966K, capacity 7294K, committed 7296K, reserved 1048576K
Event: 6084.383 GC heap after
Heap after GC invocations=29 (full 4):
 PSYoungGen      total 167936K, used 0K [0x00000000e0000000, 0x00000000ed380000, 0x0000000100000000)
  eden space 123392K, 0% used [0x00000000e0000000,0x00000000e0000000,0x00000000e7880000)
  from space 44544K, 0% used [0x00000000e7880000,0x00000000e7880000,0x00000000ea400000)
  to   space 45568K, 0% used [0x00000000ea700000,0x00000000ea700000,0x00000000ed380000)
 ParOldGen       total 96768K, used 10354K [0x00000000a0000000, 0x00000000a5e80000, 0x00000000e0000000)
  object space 96768K, 10% used [0x00000000a0000000,0x00000000a0a1ca18,0x00000000a5e80000)
 Metaspace       used 55243K, capacity 56052K, committed 59008K, reserved 1101824K
  class space    used 6627K, capacity 6816K, committed 7296K, reserved 1048576K
}
Event: 6277.168 GC heap before
{Heap before GC invocations=30 (full 4):
 PSYoungGen      total 167936K, used 123392K [0x00000000e0000000, 0x00000000ed380000, 0x0000000100000000)
  eden space 123392K, 100% used [0x00000000e0000000,0x00000000e7880000,0x00000000e7880000)
  from space 44544K, 0% used [0x00000000e7880000,0x00000000e7880000,0x00000000ea400000)
  to   space 45568K, 0% used [0x00000000ea700000,0x00000000ea700000,0x00000000ed380000)
 ParOldGen       total 96768K, used 10354K [0x00000000a0000000, 0x00000000a5e80000, 0x00000000e0000000)
  object space 96768K, 10% used [0x00000000a0000000,0x00000000a0a1ca18,0x00000000a5e80000)
 Metaspace       used 55869K, capacity 56756K, committed 59008K, reserved 1101824K
  class space    used 6684K, capacity 6888K, committed 7296K, reserved 1048576K
Event: 6277.709 GC heap after
Heap after GC invocations=30 (full 4):
 PSYoungGen      total 168448K, used 32463K [0x00000000e0000000, 0x00000000ee280000, 0x0000000100000000)
  eden space 122880K, 0% used [0x00000000e0000000,0x00000000e0000000,0x00000000e7800000)
  from space 45568K, 71% used [0x00000000ea700000,0x00000000ec6b3c00,0x00000000ed380000)
  to   space 48128K, 0% used [0x00000000e7800000,0x00000000e7800000,0x00000000ea700000)
 ParOldGen       total 96768K, used 10362K [0x00000000a0000000, 0x00000000a5e80000, 0x00000000e0000000)
  object space 96768K, 10% used [0x00000000a0000000,0x00000000a0a1ea18,0x00000000a5e80000)
 Metaspace       used 55869K, capacity 56756K, committed 59008K, reserved 1101824K
  class space    used 6684K, capacity 6888K, committed 7296K, reserved 1048576K
}
Event: 6531.243 GC heap before
{Heap before GC invocations=31 (full 4):
 PSYoungGen      total 168448K, used 155343K [0x00000000e0000000, 0x00000000ee280000, 0x0000000100000000)
  eden space 122880K, 100% used [0x00000000e0000000,0x00000000e7800000,0x00000000e7800000)
  from space 45568K, 71% used [0x00000000ea700000,0x00000000ec6b3c00,0x00000000ed380000)
  to   space 48128K, 0% used [0x00000000e7800000,0x00000000e7800000,0x00000000ea700000)
 ParOldGen       total 96768K, used 10362K [0x00000000a0000000, 0x00000000a5e80000, 0x00000000e0000000)
  object space 96768K, 10% used [0x00000000a0000000,0x00000000a0a1ea18,0x00000000a5e80000)
 Metaspace       used 56456K, capacity 57426K, committed 59008K, reserved 1101824K
  class space    used 6739K, capacity 6971K, committed 7296K, reserved 1048576K
Event: 6533.657 GC heap after
Heap after GC invocations=31 (full 4):
 PSYoungGen      total 171008K, used 29126K [0x00000000e0000000, 0x00000000ee280000, 0x0000000100000000)
  eden space 122880K, 0% used [0x00000000e0000000,0x00000000e0000000,0x00000000e7800000)
  from space 48128K, 60% used [0x00000000e7800000,0x00000000e9471bc8,0x00000000ea700000)
  to   space 48640K, 0% used [0x00000000eb300000,0x00000000eb300000,0x00000000ee280000)
 ParOldGen       total 96768K, used 10370K [0x00000000a0000000, 0x00000000a5e80000, 0x00000000e0000000)
  object space 96768K, 10% used [0x00000000a0000000,0x00000000a0a20a18,0x00000000a5e80000)
 Metaspace       used 56456K, capacity 57426K, committed 59008K, reserved 1101824K
  class space    used 6739K, capacity 6971K, committed 7296K, reserved 1048576K
}

