# JRE version: OpenJDK Runtime Environment (8.0_152-b01) (build 1.8.0_152-release-915-b01)
# Java VM: OpenJDK 64-Bit Server VM (25.152-b01 mixed mode windows-amd64 compressed oops)
Heap:
 PSYoungGen      total 17920K, used 5523K [0x00000000e0000000, 0x00000000e1400000, 0x0000000100000000)
  eden space 15360K, 35% used [0x00000000e0000000,0x00000000e0564ff8,0x00000000e0f00000)
  from space 2560K, 0% used [0x00000000e0f00000,0x00000000e0f00000,0x00000000e1180000)
  to   space 2560K, 0% used [0x00000000e1180000,0x00000000e1180000,0x00000000e1400000)
 ParOldGen       total 40960K, used 2626K [0x00000000a0000000, 0x00000000a2800000, 0x00000000e0000000)
  object space 40960K, 6% used [0x00000000a0000000,0x00000000a0290ab8,0x00000000a2800000)
 Metaspace       used 10277K, capacity 10512K, committed 10752K, reserved 1058816K
  class space    used 1120K, capacity 1208K, committed 1280K, reserved 1048576K
GC Heap History (4 events):
Event: 5.441 GC heap before
{Heap before GC invocations=1 (full 0):
 PSYoungGen      total 17920K, used 13102K [0x00000000e0000000, 0x00000000e1400000, 0x0000000100000000)
  eden space 15360K, 85% used [0x00000000e0000000,0x00000000e0ccbbf0,0x00000000e0f00000)
  from space 2560K, 0% used [0x00000000e1180000,0x00000000e1180000,0x00000000e1400000)
  to   space 2560K, 0% used [0x00000000e0f00000,0x00000000e0f00000,0x00000000e1180000)
 ParOldGen       total 40960K, used 0K [0x00000000a0000000, 0x00000000a2800000, 0x00000000e0000000)
  object space 40960K, 0% used [0x00000000a0000000,0x00000000a0000000,0x00000000a2800000)
 Metaspace       used 8967K, capacity 9170K, committed 9216K, reserved 1056768K
  class space    used 954K, capacity 1019K, committed 1024K, reserved 1048576K
Event: 5.452 GC heap after
Heap after GC invocations=1 (full 0):
 PSYoungGen      total 17920K, used 2543K [0x00000000e0000000, 0x00000000e1400000, 0x0000000100000000)
  eden space 15360K, 0% used [0x00000000e0000000,0x00000000e0000000,0x00000000e0f00000)
  from space 2560K, 99% used [0x00000000e0f00000,0x00000000e117bce8,0x00000000e1180000)
  to   space 2560K, 0% used [0x00000000e1180000,0x00000000e1180000,0x00000000e1400000)
 ParOldGen       total 40960K, used 284K [0x00000000a0000000, 0x00000000a2800000, 0x00000000e0000000)
  object space 40960K, 0% used [0x00000000a0000000,0x00000000a00471a8,0x00000000a2800000)
 Metaspace       used 8967K, capacity 9170K, committed 9216K, reserved 1056768K
  class space    used 954K, capacity 1019K, committed 1024K, reserved 1048576K
}
Event: 5.452 GC heap before
{Heap before GC invocations=2 (full 1):
 PSYoungGen      total 17920K, used 2543K [0x00000000e0000000, 0x00000000e1400000, 0x0000000100000000)
  eden space 15360K, 0% used [0x00000000e0000000,0x00000000e0000000,0x00000000e0f00000)
  from space 2560K, 99% used [0x00000000e0f00000,0x00000000e117bce8,0x00000000e1180000)
  to   space 2560K, 0% used [0x00000000e1180000,0x00000000e1180000,0x00000000e1400000)
 ParOldGen       total 40960K, used 284K [0x00000000a0000000, 0x00000000a2800000, 0x00000000e0000000)
  object space 40960K, 0% used [0x00000000a0000000,0x00000000a00471a8,0x00000000a2800000)
 Metaspace       used 8967K, capacity 9170K, committed 9216K, reserved 1056768K
  class space    used 954K, capacity 1019K, committed 1024K, reserved 1048576K
Event: 5.498 GC heap after
Heap after GC invocations=2 (full 1):
 PSYoungGen      total 17920K, used 0K [0x00000000e0000000, 0x00000000e1400000, 0x0000000100000000)
  eden space 15360K, 0% used [0x00000000e0000000,0x00000000e0000000,0x00000000e0f00000)
  from space 2560K, 0% used [0x00000000e0f00000,0x00000000e0f00000,0x00000000e1180000)
  to   space 2560K, 0% used [0x00000000e1180000,0x00000000e1180000,0x00000000e1400000)
 ParOldGen       total 40960K, used 2626K [0x00000000a0000000, 0x00000000a2800000, 0x00000000e0000000)
  object space 40960K, 6% used [0x00000000a0000000,0x00000000a0290ab8,0x00000000a2800000)
 Metaspace       used 8967K, capacity 9170K, committed 9216K, reserved 1056768K
  class space    used 954K, capacity 1019K, committed 1024K, reserved 1048576K
}

